Importer Log Report
Project : Group

Section : Analyze Document - F:\px4\hardware\Hardware1\FMUv2\PX4FMUv2.3.brd
    Analyzing data of F:\px4\hardware\Hardware1\FMUv2\PX4FMUv2.3.brd
    Load settings
    Load layers 126
    Load Library "pixhawk2"
    Load Packages 39
    Load Library "baseboard"
    Load Packages 1
    Load Library "con-hirose-df13"
    Load Packages 6
    Load Library "for-transfers"
    Load Packages 1
EndSection

Section : Analyze Document - F:\px4\hardware\Hardware1\FMUv2\PX4FMUv2.3.sch
    Analyzing data of F:\px4\hardware\Hardware1\FMUv2\PX4FMUv2.3.sch
    Load settings
    Load layers 126
    Load schematic
    Load Libraries 5
    Load Library "pixhawk2"
    Load Packages 114
    Load Symbols 58
    Load DeviceSets 42
    Load Library "SparkFun"
    Load Packages 0
    Load Symbols 1
    Load DeviceSets 1
    Load Library "baseboard"
    Load Packages 1
    Load Symbols 1
    Load DeviceSets 1
    Load Library "con-hirose-df13"
    Load Packages 24
    Load Symbols 6
    Load DeviceSets 6
    Load Library "for-transfers"
    Load Packages 1
    Load Symbols 1
    Load DeviceSets 1
    Load Attributes 0
    Load Classes 2
    Load Parts 329
    Load Sheets 12
EndSection

Section : Analyze Document - F:\px4\hardware\Hardware1\FMUv2\PX4FMUv2.4.3.brd
    Analyzing data of F:\px4\hardware\Hardware1\FMUv2\PX4FMUv2.4.3.brd
    Load settings
    Load layers 126
    Load Library "pixhawk2"
    Load Packages 43
    Load Library "baseboard"
    Load Packages 1
    Load Library "con-hirose-df13"
    Load Packages 6
    Load Library "for-transfers"
    Load Packages 1
    Load Library "resistor-dil"
    Load Packages 1
    Load Library "transistor-pnp"
    Load Packages 1
EndSection

Section : Analyze Document - F:\px4\hardware\Hardware1\FMUv2\PX4FMUv2.4.3.sch
    Analyzing data of F:\px4\hardware\Hardware1\FMUv2\PX4FMUv2.4.3.sch
    Load settings
    Load layers 126
    Load schematic
    Load Libraries 7
    Load Library "pixhawk2"
    Load Packages 115
    Load Symbols 59
    Load DeviceSets 43
    Load Library "SparkFun"
    Load Packages 0
    Load Symbols 1
    Load DeviceSets 1
    Load Library "baseboard"
    Load Packages 1
    Load Symbols 1
    Load DeviceSets 1
    Load Library "con-hirose-df13"
    Load Packages 24
    Load Symbols 6
    Load DeviceSets 6
    Load Library "for-transfers"
    Load Packages 1
    Load Symbols 1
    Load DeviceSets 1
    Load Library "resistor-dil"
    Load Packages 12
    Load Symbols 1
    Load DeviceSets 1
    Load Library "transistor-pnp"
    Load Packages 1
    Load Symbols 1
    Load DeviceSets 1
    Load Attributes 0
    Load Classes 2
    Load Parts 421
    Load Sheets 12
    ERROR: Unhandled typeerrors
EndSection

Section : Analyze Document - F:\px4\hardware\Hardware1\FMUv2\PX4FMUv2.4.5.brd
    Analyzing data of F:\px4\hardware\Hardware1\FMUv2\PX4FMUv2.4.5.brd
    Load settings
    Load layers 126
    Load Library "pixhawk2"
    Load Packages 43
    Load Library "baseboard"
    Load Packages 1
    Load Library "con-hirose-df13"
    Load Packages 6
    Load Library "for-transfers"
    Load Packages 1
    Load Library "resistor-dil"
    Load Packages 1
    Load Library "transistor-pnp"
    Load Packages 1
    ERROR: Unhandled typeerrors
EndSection

Section : Analyze Document - F:\px4\hardware\Hardware1\FMUv2\PX4FMUv2.4.5.sch
    Analyzing data of F:\px4\hardware\Hardware1\FMUv2\PX4FMUv2.4.5.sch
    Load settings
    Load layers 126
    Load schematic
    Load Libraries 7
    Load Library "pixhawk2"
    Load Packages 115
    Load Symbols 59
    Load DeviceSets 43
    Load Library "SparkFun"
    Load Packages 0
    Load Symbols 1
    Load DeviceSets 1
    Load Library "baseboard"
    Load Packages 1
    Load Symbols 1
    Load DeviceSets 1
    Load Library "con-hirose-df13"
    Load Packages 24
    Load Symbols 6
    Load DeviceSets 6
    Load Library "for-transfers"
    Load Packages 1
    Load Symbols 1
    Load DeviceSets 1
    Load Library "resistor-dil"
    Load Packages 12
    Load Symbols 1
    Load DeviceSets 1
    Load Library "transistor-pnp"
    Load Packages 1
    Load Symbols 1
    Load DeviceSets 1
    Load Attributes 0
    Load Classes 2
    Load Parts 421
    Load Sheets 12
    ERROR: Unhandled typeerrors
EndSection

Section : Analyze Document - F:\px4\hardware\Hardware1\FMUv2\PX4FMUv2.4.6.brd
    Analyzing data of F:\px4\hardware\Hardware1\FMUv2\PX4FMUv2.4.6.brd
    Load settings
    Load layers 126
    Load Library "pixhawk2"
    Load Packages 43
    Load Library "baseboard"
    Load Packages 1
    Load Library "con-hirose-df13"
    Load Packages 6
    Load Library "for-transfers"
    Load Packages 1
    Load Library "resistor-dil"
    Load Packages 1
    ERROR: Unhandled typeerrors
EndSection

Section : Analyze Document - F:\px4\hardware\Hardware1\FMUv2\PX4FMUv2.4.6.sch
    Analyzing data of F:\px4\hardware\Hardware1\FMUv2\PX4FMUv2.4.6.sch
    Load settings
    Load layers 126
    Load schematic
    Load Libraries 6
    Load Library "pixhawk2"
    Load Packages 115
    Load Symbols 59
    Load DeviceSets 43
    Load Library "SparkFun"
    Load Packages 0
    Load Symbols 1
    Load DeviceSets 1
    Load Library "baseboard"
    Load Packages 1
    Load Symbols 1
    Load DeviceSets 1
    Load Library "con-hirose-df13"
    Load Packages 24
    Load Symbols 6
    Load DeviceSets 6
    Load Library "for-transfers"
    Load Packages 1
    Load Symbols 1
    Load DeviceSets 1
    Load Library "resistor-dil"
    Load Packages 12
    Load Symbols 1
    Load DeviceSets 1
    Load Attributes 0
    Load Classes 2
    Load Parts 419
    Load Sheets 12
    ERROR: Unhandled typeerrors
EndSection

Section : Analyze Document - F:\px4\hardware\Hardware1\FMUv2\PX4FMUv2.4.brd
    Analyzing data of F:\px4\hardware\Hardware1\FMUv2\PX4FMUv2.4.brd
    Load settings
    Load layers 126
    Load Library "pixhawk2"
    Load Packages 43
    Load Library "baseboard"
    Load Packages 1
    Load Library "con-hirose-df13"
    Load Packages 6
    Load Library "for-transfers"
    Load Packages 1
    Load Library "resistor-dil"
    Load Packages 1
    Load Library "transistor-pnp"
    Load Packages 1
EndSection

Section : Analyze Document - F:\px4\hardware\Hardware1\FMUv2\PX4FMUv2.4.sch
    Analyzing data of F:\px4\hardware\Hardware1\FMUv2\PX4FMUv2.4.sch
    Load settings
    Load layers 126
    Load schematic
    Load Libraries 7
    Load Library "pixhawk2"
    Load Packages 115
    Load Symbols 59
    Load DeviceSets 43
    Load Library "SparkFun"
    Load Packages 0
    Load Symbols 1
    Load DeviceSets 1
    Load Library "baseboard"
    Load Packages 1
    Load Symbols 1
    Load DeviceSets 1
    Load Library "con-hirose-df13"
    Load Packages 24
    Load Symbols 6
    Load DeviceSets 6
    Load Library "for-transfers"
    Load Packages 1
    Load Symbols 1
    Load DeviceSets 1
    Load Library "resistor-dil"
    Load Packages 12
    Load Symbols 1
    Load DeviceSets 1
    Load Library "transistor-pnp"
    Load Packages 1
    Load Symbols 1
    Load DeviceSets 1
    Load Attributes 0
    Load Classes 2
    Load Parts 421
    Load Sheets 12
    ERROR: Unhandled typeerrors
EndSection
